<?xml version="1.0" ?>
<!DOCTYPE coverage
  SYSTEM 'http://cobertura.sourceforge.net/xml/coverage-03.dtd'>
<coverage branch-rate="0.35365853658536583" line-rate="0.5423076923076923" timestamp="1499897292" version="gcovr 3.3">
<sources>
<source></source>
</sources>
<packages>
<package branch-rate="0.3" complexity="0.0" line-rate="0.4375" name="build/test/mocks">
<classes>
<class branch-rate="0.3" complexity="0.0" filename="build/test/mocks\mock_analog.c" line-rate="0.4375" name="mock_analog_c">
<methods/>
<lines>
<line branch="false" hits="6" number="46"/>
<line branch="false" hits="6" number="48"/>
<line branch="true" condition-coverage="50% (1/2)" hits="6" number="49">
<conditions>
<condition coverage="50%" number="0" type="jump"/>
</conditions>
</line>
<line branch="false" hits="0" number="50"/>
<line branch="false" hits="6" number="51"/>
<line branch="true" condition-coverage="50% (1/2)" hits="6" number="52">
<conditions>
<condition coverage="50%" number="0" type="jump"/>
</conditions>
</line>
<line branch="true" condition-coverage="50% (1/2)" hits="6" number="53">
<conditions>
<condition coverage="50%" number="0" type="jump"/>
</conditions>
</line>
<line branch="false" hits="0" number="54"/>
<line branch="true" condition-coverage="50% (1/2)" hits="6" number="55">
<conditions>
<condition coverage="50%" number="0" type="jump"/>
</conditions>
</line>
<line branch="false" hits="0" number="56"/>
<line branch="false" hits="6" number="57"/>
<line branch="true" condition-coverage="50% (1/2)" hits="6" number="58">
<conditions>
<condition coverage="50%" number="0" type="jump"/>
</conditions>
</line>
<line branch="true" condition-coverage="50% (1/2)" hits="6" number="59">
<conditions>
<condition coverage="50%" number="0" type="jump"/>
</conditions>
</line>
<line branch="false" hits="0" number="60"/>
<line branch="false" hits="6" number="61"/>
<line branch="false" hits="6" number="63"/>
<line branch="false" hits="6" number="65"/>
<line branch="false" hits="6" number="66"/>
<line branch="false" hits="12" number="68"/>
<line branch="false" hits="12" number="70"/>
<line branch="false" hits="12" number="71"/>
<line branch="false" hits="12" number="72"/>
<line branch="false" hits="12" number="73"/>
<line branch="false" hits="12" number="74"/>
<line branch="false" hits="12" number="75"/>
<line branch="false" hits="12" number="76"/>
<line branch="false" hits="12" number="77"/>
<line branch="false" hits="12" number="78"/>
<line branch="false" hits="14" number="80"/>
<line branch="false" hits="14" number="82"/>
<line branch="false" hits="14" number="84"/>
<line branch="false" hits="14" number="85"/>
<line branch="false" hits="14" number="86"/>
<line branch="true" condition-coverage="50% (1/2)" hits="14" number="87">
<conditions>
<condition coverage="50%" number="0" type="jump"/>
</conditions>
</line>
<line branch="false" hits="0" number="89"/>
<line branch="true" condition-coverage="0% (0/2)" hits="0" number="90">
<conditions>
<condition coverage="0%" number="0" type="jump"/>
</conditions>
</line>
<line branch="false" hits="0" number="91"/>
<line branch="false" hits="0" number="92"/>
<line branch="false" hits="0" number="93"/>
<line branch="true" condition-coverage="50% (1/2)" hits="14" number="95">
<conditions>
<condition coverage="50%" number="0" type="jump"/>
</conditions>
</line>
<line branch="false" hits="0" number="97"/>
<line branch="true" condition-coverage="50% (1/2)" hits="14" number="99">
<conditions>
<condition coverage="50%" number="0" type="jump"/>
</conditions>
</line>
<line branch="false" hits="14" number="100"/>
<line branch="true" condition-coverage="50% (1/2)" hits="14" number="101">
<conditions>
<condition coverage="50%" number="0" type="jump"/>
</conditions>
</line>
<line branch="false" hits="0" number="102"/>
<line branch="true" condition-coverage="50% (1/2)" hits="14" number="103">
<conditions>
<condition coverage="50%" number="0" type="jump"/>
</conditions>
</line>
<line branch="false" hits="0" number="104"/>
<line branch="false" hits="14" number="105"/>
<line branch="false" hits="14" number="106"/>
<line branch="false" hits="0" number="109"/>
<line branch="false" hits="0" number="111"/>
<line branch="false" hits="0" number="112"/>
<line branch="true" condition-coverage="0% (0/2)" hits="0" number="113">
<conditions>
<condition coverage="0%" number="0" type="jump"/>
</conditions>
</line>
<line branch="false" hits="0" number="114"/>
<line branch="false" hits="0" number="115"/>
<line branch="false" hits="0" number="116"/>
<line branch="false" hits="0" number="117"/>
<line branch="false" hits="0" number="118"/>
<line branch="false" hits="0" number="119"/>
<line branch="false" hits="14" number="122"/>
<line branch="false" hits="14" number="124"/>
<line branch="false" hits="14" number="125"/>
<line branch="true" condition-coverage="50% (1/2)" hits="14" number="126">
<conditions>
<condition coverage="50%" number="0" type="jump"/>
</conditions>
</line>
<line branch="false" hits="14" number="127"/>
<line branch="false" hits="14" number="128"/>
<line branch="false" hits="14" number="129"/>
<line branch="false" hits="14" number="130"/>
<line branch="false" hits="14" number="131"/>
<line branch="false" hits="14" number="132"/>
<line branch="false" hits="14" number="133"/>
<line branch="false" hits="14" number="134"/>
<line branch="false" hits="0" number="136"/>
<line branch="false" hits="0" number="138"/>
<line branch="false" hits="0" number="139"/>
<line branch="false" hits="0" number="142"/>
<line branch="false" hits="0" number="144"/>
<line branch="false" hits="0" number="146"/>
<line branch="false" hits="0" number="147"/>
<line branch="false" hits="0" number="148"/>
<line branch="true" condition-coverage="0% (0/2)" hits="0" number="149">
<conditions>
<condition coverage="0%" number="0" type="jump"/>
</conditions>
</line>
<line branch="false" hits="0" number="151"/>
<line branch="false" hits="0" number="152"/>
<line branch="true" condition-coverage="0% (0/2)" hits="0" number="154">
<conditions>
<condition coverage="0%" number="0" type="jump"/>
</conditions>
</line>
<line branch="false" hits="0" number="156"/>
<line branch="false" hits="0" number="157"/>
<line branch="true" condition-coverage="0% (0/2)" hits="0" number="159">
<conditions>
<condition coverage="0%" number="0" type="jump"/>
</conditions>
</line>
<line branch="false" hits="0" number="160"/>
<line branch="true" condition-coverage="0% (0/2)" hits="0" number="161">
<conditions>
<condition coverage="0%" number="0" type="jump"/>
</conditions>
</line>
<line branch="false" hits="0" number="162"/>
<line branch="true" condition-coverage="0% (0/2)" hits="0" number="163">
<conditions>
<condition coverage="0%" number="0" type="jump"/>
</conditions>
</line>
<line branch="false" hits="0" number="164"/>
<line branch="false" hits="0" number="166"/>
<line branch="false" hits="0" number="167"/>
<line branch="false" hits="0" number="169"/>
<line branch="false" hits="0" number="172"/>
<line branch="false" hits="0" number="174"/>
<line branch="false" hits="0" number="177"/>
<line branch="false" hits="0" number="179"/>
<line branch="false" hits="0" number="182"/>
<line branch="false" hits="0" number="184"/>
<line branch="false" hits="0" number="185"/>
<line branch="true" condition-coverage="0% (0/2)" hits="0" number="186">
<conditions>
<condition coverage="0%" number="0" type="jump"/>
</conditions>
</line>
<line branch="false" hits="0" number="187"/>
<line branch="false" hits="0" number="188"/>
<line branch="false" hits="0" number="189"/>
<line branch="false" hits="0" number="190"/>
<line branch="false" hits="0" number="191"/>
<line branch="false" hits="0" number="192"/>
<line branch="false" hits="0" number="193"/>
<line branch="false" hits="0" number="196"/>
<line branch="false" hits="0" number="198"/>
<line branch="false" hits="0" number="199"/>
</lines>
</class>
</classes>
</package>
<package branch-rate="0.5" complexity="0.0" line-rate="0.7857142857142857" name="build/test/runners">
<classes>
<class branch-rate="0.5" complexity="0.0" filename="build/test/runners\test_bateria_runner.c" line-rate="0.7857142857142857" name="test_bateria_runner_c">
<methods/>
<lines>
<line branch="false" hits="6" number="48"/>
<line branch="false" hits="6" number="50"/>
<line branch="false" hits="6" number="51"/>
<line branch="false" hits="6" number="52"/>
<line branch="false" hits="6" number="53"/>
<line branch="false" hits="6" number="54"/>
<line branch="false" hits="6" number="55"/>
<line branch="false" hits="6" number="57"/>
<line branch="false" hits="6" number="58"/>
<line branch="false" hits="6" number="59"/>
<line branch="false" hits="6" number="61"/>
<line branch="false" hits="6" number="62"/>
<line branch="false" hits="0" number="66"/>
<line branch="false" hits="0" number="68"/>
<line branch="false" hits="0" number="69"/>
<line branch="false" hits="0" number="70"/>
<line branch="false" hits="0" number="71"/>
<line branch="false" hits="0" number="72"/>
<line branch="false" hits="1" number="77"/>
<line branch="false" hits="1" number="79"/>
<line branch="true" condition-coverage="50% (2/4)" hits="1" number="80">
<conditions>
<condition coverage="50%" number="0" type="jump"/>
</conditions>
</line>
<line branch="true" condition-coverage="50% (2/4)" hits="1" number="81">
<conditions>
<condition coverage="50%" number="0" type="jump"/>
</conditions>
</line>
<line branch="true" condition-coverage="50% (2/4)" hits="1" number="82">
<conditions>
<condition coverage="50%" number="0" type="jump"/>
</conditions>
</line>
<line branch="true" condition-coverage="50% (2/4)" hits="1" number="83">
<conditions>
<condition coverage="50%" number="0" type="jump"/>
</conditions>
</line>
<line branch="true" condition-coverage="50% (2/4)" hits="1" number="84">
<conditions>
<condition coverage="50%" number="0" type="jump"/>
</conditions>
</line>
<line branch="true" condition-coverage="50% (2/4)" hits="1" number="85">
<conditions>
<condition coverage="50%" number="0" type="jump"/>
</conditions>
</line>
<line branch="false" hits="1" number="87"/>
<line branch="false" hits="1" number="88"/>
</lines>
</class>
</classes>
</package>
<package branch-rate="0.5" complexity="0.0" line-rate="0.65625" name="src">
<classes>
<class branch-rate="0.0" complexity="0.0" filename="src\Framework.c" line-rate="0.2857142857142857" name="Framework_c">
<methods/>
<lines>
<line branch="false" hits="6" number="17"/>
<line branch="false" hits="6" number="19"/>
<line branch="false" hits="6" number="20"/>
<line branch="false" hits="6" number="21"/>
<line branch="false" hits="0" number="23"/>
<line branch="true" condition-coverage="0% (0/2)" hits="0" number="25">
<conditions>
<condition coverage="0%" number="0" type="jump"/>
</conditions>
</line>
<line branch="false" hits="0" number="26"/>
<line branch="false" hits="0" number="29"/>
<line branch="false" hits="0" number="30"/>
<line branch="false" hits="0" number="33"/>
<line branch="true" condition-coverage="0% (0/2)" hits="0" number="35">
<conditions>
<condition coverage="0%" number="0" type="jump"/>
</conditions>
</line>
<line branch="false" hits="0" number="36"/>
<line branch="false" hits="0" number="39"/>
<line branch="false" hits="0" number="40"/>
</lines>
</class>
<class branch-rate="0.8333333333333334" complexity="0.0" filename="src\bateria.c" line-rate="0.9444444444444444" name="bateria_c">
<methods/>
<lines>
<line branch="false" hits="6" number="18"/>
<line branch="false" hits="6" number="20"/>
<line branch="false" hits="6" number="21"/>
<line branch="false" hits="6" number="29"/>
<line branch="true" condition-coverage="50% (1/2)" hits="6" number="34">
<conditions>
<condition coverage="50%" number="0" type="jump"/>
</conditions>
</line>
<line branch="false" hits="6" number="37"/>
<line branch="true" condition-coverage="100% (2/2)" hits="6" number="38">
<conditions>
<condition coverage="100%" number="0" type="jump"/>
</conditions>
</line>
<line branch="false" hits="1" number="39"/>
<line branch="true" condition-coverage="100% (2/2)" hits="5" number="41">
<conditions>
<condition coverage="100%" number="0" type="jump"/>
</conditions>
</line>
<line branch="false" hits="2" number="42"/>
<line branch="false" hits="3" number="45"/>
<line branch="false" hits="6" number="47"/>
<line branch="false" hits="0" number="51"/>
<line branch="false" hits="6" number="53"/>
<line branch="false" hits="7" number="55"/>
<line branch="false" hits="7" number="58"/>
<line branch="false" hits="7" number="59"/>
<line branch="false" hits="7" number="60"/>
</lines>
</class>
</classes>
</package>
<package branch-rate="0.0" complexity="0.0" line-rate="0.5568181818181818" name="test">
<classes>
<class branch-rate="0.0" complexity="0.0" filename="test\test_bateria.c" line-rate="0.5568181818181818" name="test_bateria_c">
<methods/>
<lines>
<line branch="false" hits="6" number="75"/>
<line branch="false" hits="6" number="77"/>
<line branch="false" hits="5" number="81"/>
<line branch="false" hits="5" number="83"/>
<line branch="false" hits="5" number="84"/>
<line branch="false" hits="5" number="85"/>
<line branch="false" hits="6" number="87"/>
<line branch="false" hits="6" number="89"/>
<line branch="false" hits="6" number="90"/>
<line branch="false" hits="6" number="91"/>
<line branch="false" hits="6" number="92"/>
<line branch="false" hits="6" number="93"/>
<line branch="false" hits="6" number="95"/>
<line branch="false" hits="6" number="98"/>
<line branch="false" hits="0" number="101"/>
<line branch="false" hits="0" number="103"/>
<line branch="false" hits="1" number="167"/>
<line branch="false" hits="1" number="171"/>
<line branch="false" hits="1" number="172"/>
<line branch="false" hits="1" number="174"/>
<line branch="false" hits="1" number="176"/>
<line branch="false" hits="1" number="177"/>
<line branch="false" hits="1" number="179"/>
<line branch="false" hits="1" number="181"/>
<line branch="false" hits="1" number="182"/>
<line branch="false" hits="1" number="184"/>
<line branch="false" hits="1" number="185"/>
<line branch="false" hits="1" number="187"/>
<line branch="false" hits="1" number="189"/>
<line branch="false" hits="1" number="190"/>
<line branch="false" hits="1" number="192"/>
<line branch="false" hits="1" number="194"/>
<line branch="false" hits="1" number="196"/>
<line branch="false" hits="1" number="198"/>
<line branch="false" hits="1" number="199"/>
<line branch="false" hits="1" number="201"/>
<line branch="false" hits="1" number="203"/>
<line branch="false" hits="1" number="205"/>
<line branch="false" hits="1" number="207"/>
<line branch="false" hits="1" number="209"/>
<line branch="false" hits="1" number="211"/>
<line branch="false" hits="1" number="213"/>
<line branch="false" hits="1" number="214"/>
<line branch="false" hits="1" number="216"/>
<line branch="false" hits="1" number="218"/>
<line branch="false" hits="1" number="220"/>
<line branch="false" hits="1" number="222"/>
<line branch="false" hits="1" number="224"/>
<line branch="false" hits="1" number="226"/>
<line branch="false" hits="1" number="228"/>
<line branch="false" hits="1" number="229"/>
<line branch="false" hits="0" number="231"/>
<line branch="false" hits="0" number="233"/>
<line branch="false" hits="0" number="234"/>
<line branch="false" hits="0" number="235"/>
<line branch="false" hits="0" number="237"/>
<line branch="false" hits="0" number="238"/>
<line branch="false" hits="0" number="239"/>
<line branch="false" hits="0" number="241"/>
<line branch="false" hits="0" number="242"/>
<line branch="false" hits="0" number="243"/>
<line branch="false" hits="0" number="245"/>
<line branch="false" hits="0" number="246"/>
<line branch="false" hits="0" number="247"/>
<line branch="false" hits="0" number="250"/>
<line branch="false" hits="0" number="252"/>
<line branch="false" hits="0" number="254"/>
<line branch="false" hits="0" number="256"/>
<line branch="true" condition-coverage="0% (0/2)" hits="0" number="257">
<conditions>
<condition coverage="0%" number="0" type="jump"/>
</conditions>
</line>
<line branch="false" hits="0" number="258"/>
<line branch="false" hits="0" number="259"/>
<line branch="false" hits="0" number="262"/>
<line branch="true" condition-coverage="0% (0/2)" hits="0" number="264">
<conditions>
<condition coverage="0%" number="0" type="jump"/>
</conditions>
</line>
<line branch="false" hits="0" number="265"/>
<line branch="false" hits="0" number="266"/>
<line branch="true" condition-coverage="0% (0/2)" hits="0" number="268">
<conditions>
<condition coverage="0%" number="0" type="jump"/>
</conditions>
</line>
<line branch="false" hits="0" number="269"/>
<line branch="true" condition-coverage="0% (0/2)" hits="0" number="270">
<conditions>
<condition coverage="0%" number="0" type="jump"/>
</conditions>
</line>
<line branch="false" hits="0" number="271"/>
<line branch="false" hits="0" number="272"/>
<line branch="false" hits="0" number="277"/>
<line branch="false" hits="0" number="279"/>
<line branch="false" hits="0" number="280"/>
<line branch="false" hits="0" number="282"/>
<line branch="false" hits="0" number="287"/>
<line branch="false" hits="0" number="292"/>
<line branch="false" hits="0" number="297"/>
<line branch="false" hits="0" number="302"/>
</lines>
</class>
</classes>
</package>
</packages>
</coverage>

