<?xml version="1.0" ?>
<!DOCTYPE coverage
  SYSTEM 'http://cobertura.sourceforge.net/xml/coverage-03.dtd'>
<coverage branch-rate="0.5" line-rate="0.7857142857142857" timestamp="1510440072" version="gcovr 3.3">
<sources>
<source></source>
</sources>
<packages>
<package branch-rate="0.5" complexity="0.0" line-rate="0.5714285714285714" name="build/test/runners">
<classes>
<class branch-rate="0.5" complexity="0.0" filename="build/test/runners\test_checkState_runner.c" line-rate="0.5714285714285714" name="test_checkState_runner_c">
<methods/>
<lines>
<line branch="false" hits="0" number="38"/>
<line branch="false" hits="0" number="40"/>
<line branch="false" hits="0" number="41"/>
<line branch="false" hits="1" number="46"/>
<line branch="false" hits="1" number="48"/>
<line branch="true" condition-coverage="50% (2/4)" hits="1" number="49">
<conditions>
<condition coverage="50%" number="0" type="jump"/>
</conditions>
</line>
<line branch="false" hits="1" number="51"/>
</lines>
</class>
<class branch-rate="0.5" complexity="0.0" filename="build/test/runners\test_obtenerRegistro_runner.c" line-rate="0.5714285714285714" name="test_obtenerRegistro_runner_c">
<methods/>
<lines>
<line branch="false" hits="0" number="38"/>
<line branch="false" hits="0" number="40"/>
<line branch="false" hits="0" number="41"/>
<line branch="false" hits="1" number="46"/>
<line branch="false" hits="1" number="48"/>
<line branch="true" condition-coverage="50% (2/4)" hits="1" number="49">
<conditions>
<condition coverage="50%" number="0" type="jump"/>
</conditions>
</line>
<line branch="false" hits="1" number="51"/>
</lines>
</class>
<class branch-rate="0.5" complexity="0.0" filename="build/test/runners\test_sdCard_runner.c" line-rate="0.5714285714285714" name="test_sdCard_runner_c">
<methods/>
<lines>
<line branch="false" hits="0" number="38"/>
<line branch="false" hits="0" number="40"/>
<line branch="false" hits="0" number="41"/>
<line branch="false" hits="1" number="46"/>
<line branch="false" hits="1" number="48"/>
<line branch="true" condition-coverage="50% (2/4)" hits="1" number="49">
<conditions>
<condition coverage="50%" number="0" type="jump"/>
</conditions>
</line>
<line branch="false" hits="1" number="51"/>
</lines>
</class>
<class branch-rate="0.5" complexity="0.0" filename="build/test/runners\test_string_runner.c" line-rate="0.5714285714285714" name="test_string_runner_c">
<methods/>
<lines>
<line branch="false" hits="0" number="38"/>
<line branch="false" hits="0" number="40"/>
<line branch="false" hits="0" number="41"/>
<line branch="false" hits="1" number="46"/>
<line branch="false" hits="1" number="48"/>
<line branch="true" condition-coverage="50% (2/4)" hits="1" number="49">
<conditions>
<condition coverage="50%" number="0" type="jump"/>
</conditions>
</line>
<line branch="false" hits="1" number="51"/>
</lines>
</class>
</classes>
</package>
<package branch-rate="0.0" complexity="0.0" line-rate="1.0" name="test">
<classes>
<class branch-rate="0.0" complexity="0.0" filename="test\test_checkState.c" line-rate="1.0" name="test_checkState_c">
<methods/>
<lines>
<line branch="false" hits="1" number="5"/>
<line branch="false" hits="1" number="8"/>
<line branch="false" hits="1" number="10"/>
<line branch="false" hits="1" number="13"/>
<line branch="false" hits="1" number="16"/>
<line branch="false" hits="1" number="18"/>
<line branch="false" hits="1" number="19"/>
</lines>
</class>
<class branch-rate="0.0" complexity="0.0" filename="test\test_obtenerRegistro.c" line-rate="1.0" name="test_obtenerRegistro_c">
<methods/>
<lines>
<line branch="false" hits="1" number="5"/>
<line branch="false" hits="1" number="8"/>
<line branch="false" hits="1" number="10"/>
<line branch="false" hits="1" number="13"/>
<line branch="false" hits="1" number="16"/>
<line branch="false" hits="1" number="18"/>
<line branch="false" hits="1" number="19"/>
</lines>
</class>
<class branch-rate="0.0" complexity="0.0" filename="test\test_sdCard.c" line-rate="1.0" name="test_sdCard_c">
<methods/>
<lines>
<line branch="false" hits="1" number="5"/>
<line branch="false" hits="1" number="8"/>
<line branch="false" hits="1" number="10"/>
<line branch="false" hits="1" number="13"/>
<line branch="false" hits="1" number="16"/>
<line branch="false" hits="1" number="18"/>
<line branch="false" hits="1" number="19"/>
</lines>
</class>
<class branch-rate="0.0" complexity="0.0" filename="test\test_string.c" line-rate="1.0" name="test_string_c">
<methods/>
<lines>
<line branch="false" hits="1" number="5"/>
<line branch="false" hits="1" number="8"/>
<line branch="false" hits="1" number="10"/>
<line branch="false" hits="1" number="13"/>
<line branch="false" hits="1" number="16"/>
<line branch="false" hits="1" number="18"/>
<line branch="false" hits="1" number="19"/>
</lines>
</class>
</classes>
</package>
</packages>
</coverage>

